<?xml version="1.0" encoding="UTF-8"?>
<!-- Generated by org.testng.reporters.JUnitReportReporter -->
<testsuite hostname="DESKTOP-IEPVL3O" failures="0" tests="1" name="com.salesforce.testcases.CreateWorkType" time="35.315" errors="0" timestamp="2023-01-17T17:18:13 IST" skipped="0">
  <testcase classname="com.salesforce.testcases.CreateWorkType" name="runLogin" time="35.315"/>
  <system-out/>
</testsuite> <!-- com.salesforce.testcases.CreateWorkType -->
