<?xml version="1.0" encoding="UTF-8"?>
<!-- Generated by org.testng.reporters.JUnitReportReporter -->
<testsuite hostname="DESKTOP-IEPVL3O" failures="0" tests="1" name="com.salesforce.testcases.TC001_VerifyLogin" time="11.908" errors="0" timestamp="2023-01-17T13:52:49 IST" skipped="0">
  <testcase classname="com.salesforce.testcases.TC001_VerifyLogin" name="runLogin" time="11.908"/>
  <system-out/>
</testsuite> <!-- com.salesforce.testcases.TC001_VerifyLogin -->
