<?xml version="1.0" encoding="UTF-8"?>
<!-- Generated by org.testng.reporters.JUnitReportReporter -->
<testsuite hostname="DESKTOP-IEPVL3O" failures="0" tests="1" name="com.salesforce.testcases.DeleteIndividuals" time="43.783" errors="0" timestamp="2023-01-17T17:11:23 IST" skipped="0">
  <testcase classname="com.salesforce.testcases.DeleteIndividuals" name="runLogin" time="43.783"/>
  <system-out/>
</testsuite> <!-- com.salesforce.testcases.DeleteIndividuals -->
