<?xml version="1.0" encoding="UTF-8"?>
<!-- Generated by org.testng.reporters.JUnitReportReporter -->
<testsuite hostname="DESKTOP-IEPVL3O" failures="0" tests="1" name="com.salesforce.testcases.CreateIndividuals" time="37.423" errors="0" timestamp="2023-01-17T17:07:46 IST" skipped="0">
  <testcase classname="com.salesforce.testcases.CreateIndividuals" name="runLogin" time="37.423"/>
  <system-out/>
</testsuite> <!-- com.salesforce.testcases.CreateIndividuals -->
